<?xml version="1.0" encoding="UTF-8"?>
<!-- Generated by org.testng.reporters.JUnitXMLReporter -->
<testsuite ignored="0" hostname="oodle00330" failures="1" tests="1" name="Test" time="8.833" errors="0" timestamp="2020-12-23T12:04:38 GMT">
  <testcase classname="com.demoqa.testcases.ElementsTextboxTest" name="textBoxTest" time="8.289">
    <failure type="java.lang.AssertionError" message="expected [20] but found [10]">
      <![CDATA[java.lang.AssertionError: expected [20] but found [10]
at com.demoqa.testcases.ElementsTextboxTest.textBoxTest(ElementsTextboxTest.java:16)
at java.base/java.util.ArrayList.forEach(ArrayList.java:1540)
... Removed 33 stack frames]]>
    </failure>
  </testcase> <!-- textBoxTest -->
</testsuite> <!-- Test -->
